<?xml version="1.0" encoding="UTF-8"?>
<!-- Generated by org.testng.reporters.JUnitReportReporter -->
<testsuite hostname="DESKTOP-FPA7N5H" failures="0" tests="1" name="com.SwagLabs.tests.sauceBagsAddToCartTest" time="2.263" errors="0" timestamp="2023-08-24T12:46:08 IST" skipped="0">
  <testcase classname="com.SwagLabs.tests.sauceBagsAddToCartTest" name="sauceBagsAddToCart" time="2.263"/>
  <system-out/>
</testsuite> <!-- com.SwagLabs.tests.sauceBagsAddToCartTest -->
